0 info it worked if it ends with ok
1 verbose cli [ 'C:\\Program Files\\nodejs\\node.exe',
1 verbose cli   'C:\\Users\\Jakub\\AppData\\Roaming\\npm\\node_modules\\npm\\bin\\npm-cli.js',
1 verbose cli   'run',
1 verbose cli   'build' ]
2 info using npm@3.8.3
3 info using node@v4.4.0
4 verbose run-script [ 'prebuild', 'build', 'postbuild' ]
5 info lifecycle mxgraph-tests@1.0.0~prebuild: mxgraph-tests@1.0.0
6 silly lifecycle mxgraph-tests@1.0.0~prebuild: no script for prebuild, continuing
7 info lifecycle mxgraph-tests@1.0.0~build: mxgraph-tests@1.0.0
8 verbose lifecycle mxgraph-tests@1.0.0~build: unsafe-perm in lifecycle true
9 verbose lifecycle mxgraph-tests@1.0.0~build: PATH: C:\Users\Jakub\AppData\Roaming\npm\node_modules\npm\bin\node-gyp-bin;C:\Users\Jakub\Documents\mxGraph-tests\node_modules\.bin;C:\Program Files\nodejs;C:\Program Files\Haskell\bin;C:\Program Files\Haskell Platform\7.10.3\lib\extralibs\bin;C:\Program Files\Haskell Platform\7.10.3\bin;C:\Program Files\Sencha\Cmd\5.1.3.61;C:\ProgramData\Oracle\Java\javapath;C:\Program Files (x86)\Intel\iCLS Client\;C:\Program Files\Intel\iCLS Client\;C:\Windows\system32;C:\Windows;C:\Windows\System32\Wbem;C:\Windows\System32\WindowsPowerShell\v1.0\;C:\Program Files\Intel\Intel(R) Management Engine Components\DAL;C:\Program Files\Intel\Intel(R) Management Engine Components\IPT;C:\Program Files (x86)\Intel\Intel(R) Management Engine Components\DAL;C:\Program Files (x86)\Intel\Intel(R) Management Engine Components\IPT;C:\Program Files (x86)\Windows Live\Shared;C:\Program Files\Intel\WiFi\bin\;C:\Program Files\Common Files\Intel\WirelessCommon\;C:\Program Files (x86)\Windows Kits\8.1\Windows Performance Toolkit\;C:\Program Files\Microsoft SQL Server\110\Tools\Binn\;C:\Program Files\Java\jdk1.8.0_51\bin;C:\Ruby22-x64\bin;C:\apache-ant-1.9.6\bin;C:\Program Files\Git\cmd;C:\Program Files\OpenVPN\bin;C:\Program Files\Microsoft\Web Platform Installer\;C:\Program Files (x86)\Visual Leak Detector\bin\Win32;C:\Program Files (x86)\Visual Leak Detector\bin\Win64;C:\xampp\php;C:\ProgramData\ComposerSetup\bin;C:\Program Files\Haskell Platform\7.10.3\mingw\bin;C:\Program Files\nodejs\;C:\Program Files\Haskell Platform\7.10.3\bin\ghc.exe;C:\Program Files (x86)\Skype\Phone\;C:\Program Files (x86)\CMake\bin;C:\Program Files (x86)\Microsoft SDKs\TypeScript\1.0\;C:\Program Files\Microsoft SQL Server\120\Tools\Binn\;C:\gradle-3.2\bin;C:\GNAT\2016\bin;C:\Users\Jakub\AppData\Roaming\cabal\bin;C:\Users\Jakub\AppData\Roaming\npm;C:\Program Files (x86)\Microsoft VS Code\bin;C:\Users\Jakub\AppData\Local\atom\bin;C:\Program Files\PostgreSQL\9.6\bin;C:\Program Files\erl8.1\bin;C:\Python27\;C:\Program Files (x86)\CMake\bin;
10 verbose lifecycle mxgraph-tests@1.0.0~build: CWD: C:\Users\Jakub\Documents\mxGraph-tests
11 silly lifecycle mxgraph-tests@1.0.0~build: Args: [ '/d /s /c', 'tsc code.ts' ]
12 silly lifecycle mxgraph-tests@1.0.0~build: Returned: code: 1  signal: null
13 info lifecycle mxgraph-tests@1.0.0~build: Failed to exec build script
14 verbose stack Error: mxgraph-tests@1.0.0 build: `tsc code.ts`
14 verbose stack Exit status 1
14 verbose stack     at EventEmitter.<anonymous> (C:\Users\Jakub\AppData\Roaming\npm\node_modules\npm\lib\utils\lifecycle.js:239:16)
14 verbose stack     at emitTwo (events.js:87:13)
14 verbose stack     at EventEmitter.emit (events.js:172:7)
14 verbose stack     at ChildProcess.<anonymous> (C:\Users\Jakub\AppData\Roaming\npm\node_modules\npm\lib\utils\spawn.js:24:14)
14 verbose stack     at emitTwo (events.js:87:13)
14 verbose stack     at ChildProcess.emit (events.js:172:7)
14 verbose stack     at maybeClose (internal/child_process.js:827:16)
14 verbose stack     at Process.ChildProcess._handle.onexit (internal/child_process.js:211:5)
15 verbose pkgid mxgraph-tests@1.0.0
16 verbose cwd C:\Users\Jakub\Documents\mxGraph-tests
17 error Windows_NT 6.3.9600
18 error argv "C:\\Program Files\\nodejs\\node.exe" "C:\\Users\\Jakub\\AppData\\Roaming\\npm\\node_modules\\npm\\bin\\npm-cli.js" "run" "build"
19 error node v4.4.0
20 error npm  v3.8.3
21 error code ELIFECYCLE
22 error mxgraph-tests@1.0.0 build: `tsc code.ts`
22 error Exit status 1
23 error Failed at the mxgraph-tests@1.0.0 build script 'tsc code.ts'.
23 error Make sure you have the latest version of node.js and npm installed.
23 error If you do, this is most likely a problem with the mxgraph-tests package,
23 error not with npm itself.
23 error Tell the author that this fails on your system:
23 error     tsc code.ts
23 error You can get information on how to open an issue for this project with:
23 error     npm bugs mxgraph-tests
23 error Or if that isn't available, you can get their info via:
23 error     npm owner ls mxgraph-tests
23 error There is likely additional logging output above.
24 verbose exit [ 1, true ]
